# JRE version: OpenJDK Runtime Environment (11.0.12) (build 11.0.12+0-b1504.28-7817840)
# Java VM: OpenJDK 64-Bit Server VM (11.0.12+0-b1504.28-7817840, mixed mode, tiered, compressed oops, g1 gc, linux-amd64)
Heap:
 garbage-first heap   total 181248K, used 100118K [0x0000000080000000, 0x0000000100000000)
  region size 1024K, 44 young (45056K), 9 survivors (9216K)
 Metaspace       used 81200K, capacity 83056K, committed 83184K, reserved 1122304K
  class space    used 10524K, capacity 11193K, committed 11212K, reserved 1048576K
GC Heap History (20 events):
Event: 4.792 GC heap before
{Heap before GC invocations=6 (full 0):
 garbage-first heap   total 150528K, used 70059K [0x0000000080000000, 0x0000000100000000)
  region size 1024K, 57 young (58368K), 5 survivors (5120K)
 Metaspace       used 26277K, capacity 26837K, committed 27184K, reserved 1073152K
  class space    used 3421K, capacity 3613K, committed 3712K, reserved 1048576K
}
Event: 4.801 GC heap after
{Heap after GC invocations=7 (full 0):
 garbage-first heap   total 150528K, used 18718K [0x0000000080000000, 0x0000000100000000)
  region size 1024K, 3 young (3072K), 3 survivors (3072K)
 Metaspace       used 26277K, capacity 26837K, committed 27184K, reserved 1073152K
  class space    used 3421K, capacity 3613K, committed 3712K, reserved 1048576K
}
Event: 6.741 GC heap before
{Heap before GC invocations=7 (full 0):
 garbage-first heap   total 150528K, used 76062K [0x0000000080000000, 0x0000000100000000)
  region size 1024K, 60 young (61440K), 3 survivors (3072K)
 Metaspace       used 34662K, capacity 35416K, committed 35708K, reserved 1081344K
  class space    used 4492K, capacity 4793K, committed 4864K, reserved 1048576K
}
Event: 6.754 GC heap after
{Heap after GC invocations=8 (full 0):
 garbage-first heap   total 150528K, used 21941K [0x0000000080000000, 0x0000000100000000)
  region size 1024K, 6 young (6144K), 6 survivors (6144K)
 Metaspace       used 34662K, capacity 35416K, committed 35708K, reserved 1081344K
  class space    used 4492K, capacity 4793K, committed 4864K, reserved 1048576K
}
Event: 8.044 GC heap before
{Heap before GC invocations=9 (full 0):
 garbage-first heap   total 150528K, used 89525K [0x0000000080000000, 0x0000000100000000)
  region size 1024K, 70 young (71680K), 6 survivors (6144K)
 Metaspace       used 39590K, capacity 40551K, committed 40956K, reserved 1085440K
  class space    used 5070K, capacity 5391K, committed 5504K, reserved 1048576K
}
Event: 8.073 GC heap after
{Heap after GC invocations=10 (full 0):
 garbage-first heap   total 150528K, used 27557K [0x0000000080000000, 0x0000000100000000)
  region size 1024K, 9 young (9216K), 9 survivors (9216K)
 Metaspace       used 39590K, capacity 40551K, committed 40956K, reserved 1085440K
  class space    used 5070K, capacity 5391K, committed 5504K, reserved 1048576K
}
Event: 9.358 GC heap before
{Heap before GC invocations=10 (full 0):
 garbage-first heap   total 150528K, used 95141K [0x0000000080000000, 0x0000000100000000)
  region size 1024K, 75 young (76800K), 9 survivors (9216K)
 Metaspace       used 45520K, capacity 46590K, committed 46844K, reserved 1089536K
  class space    used 5863K, capacity 6245K, committed 6272K, reserved 1048576K
}
Event: 9.381 GC heap after
{Heap after GC invocations=11 (full 0):
 garbage-first heap   total 181248K, used 30045K [0x0000000080000000, 0x0000000100000000)
  region size 1024K, 4 young (4096K), 4 survivors (4096K)
 Metaspace       used 45520K, capacity 46590K, committed 46844K, reserved 1089536K
  class space    used 5863K, capacity 6245K, committed 6272K, reserved 1048576K
}
Event: 12.933 GC heap before
{Heap before GC invocations=11 (full 0):
 garbage-first heap   total 181248K, used 126301K [0x0000000080000000, 0x0000000100000000)
  region size 1024K, 95 young (97280K), 4 survivors (4096K)
 Metaspace       used 51593K, capacity 53006K, committed 53372K, reserved 1095680K
  class space    used 6601K, capacity 7088K, committed 7168K, reserved 1048576K
}
Event: 12.947 GC heap after
{Heap after GC invocations=12 (full 0):
 garbage-first heap   total 181248K, used 44971K [0x0000000080000000, 0x0000000100000000)
  region size 1024K, 12 young (12288K), 12 survivors (12288K)
 Metaspace       used 51593K, capacity 53006K, committed 53372K, reserved 1095680K
  class space    used 6601K, capacity 7088K, committed 7168K, reserved 1048576K
}
Event: 13.762 GC heap before
{Heap before GC invocations=12 (full 0):
 garbage-first heap   total 181248K, used 87979K [0x0000000080000000, 0x0000000100000000)
  region size 1024K, 55 young (56320K), 12 survivors (12288K)
 Metaspace       used 58312K, capacity 59675K, committed 59940K, reserved 1101824K
  class space    used 7366K, capacity 7875K, committed 7936K, reserved 1048576K
}
Event: 13.790 GC heap after
{Heap after GC invocations=13 (full 0):
 garbage-first heap   total 181248K, used 47221K [0x0000000080000000, 0x0000000100000000)
  region size 1024K, 2 young (2048K), 2 survivors (2048K)
 Metaspace       used 58312K, capacity 59675K, committed 59940K, reserved 1101824K
  class space    used 7366K, capacity 7875K, committed 7936K, reserved 1048576K
}
Event: 14.633 GC heap before
{Heap before GC invocations=14 (full 0):
 garbage-first heap   total 181248K, used 115829K [0x0000000080000000, 0x0000000100000000)
  region size 1024K, 69 young (70656K), 2 survivors (2048K)
 Metaspace       used 64329K, capacity 65887K, committed 66416K, reserved 1107968K
  class space    used 8152K, capacity 8701K, committed 8780K, reserved 1048576K
}
Event: 14.649 GC heap after
{Heap after GC invocations=15 (full 0):
 garbage-first heap   total 181248K, used 52959K [0x0000000080000000, 0x0000000100000000)
  region size 1024K, 7 young (7168K), 7 survivors (7168K)
 Metaspace       used 64329K, capacity 65887K, committed 66416K, reserved 1107968K
  class space    used 8152K, capacity 8701K, committed 8780K, reserved 1048576K
}
Event: 15.359 GC heap before
{Heap before GC invocations=16 (full 0):
 garbage-first heap   total 181248K, used 121567K [0x0000000080000000, 0x0000000100000000)
  region size 1024K, 74 young (75776K), 7 survivors (7168K)
 Metaspace       used 67172K, capacity 68829K, committed 69104K, reserved 1110016K
  class space    used 8544K, capacity 9139K, committed 9164K, reserved 1048576K
}
Event: 15.381 GC heap after
{Heap after GC invocations=17 (full 0):
 garbage-first heap   total 181248K, used 57200K [0x0000000080000000, 0x0000000100000000)
  region size 1024K, 10 young (10240K), 10 survivors (10240K)
 Metaspace       used 67172K, capacity 68829K, committed 69104K, reserved 1110016K
  class space    used 8544K, capacity 9139K, committed 9164K, reserved 1048576K
}
Event: 16.065 GC heap before
{Heap before GC invocations=17 (full 0):
 garbage-first heap   total 181248K, used 126832K [0x0000000080000000, 0x0000000100000000)
  region size 1024K, 78 young (79872K), 10 survivors (10240K)
 Metaspace       used 71727K, capacity 73423K, committed 73712K, reserved 1114112K
  class space    used 9320K, capacity 9916K, committed 9932K, reserved 1048576K
}
Event: 16.083 GC heap after
{Heap after GC invocations=18 (full 0):
 garbage-first heap   total 181248K, used 61630K [0x0000000080000000, 0x0000000100000000)
  region size 1024K, 10 young (10240K), 10 survivors (10240K)
 Metaspace       used 71727K, capacity 73423K, committed 73712K, reserved 1114112K
  class space    used 9320K, capacity 9916K, committed 9932K, reserved 1048576K
}
Event: 17.189 GC heap before
{Heap before GC invocations=18 (full 0):
 garbage-first heap   total 181248K, used 131262K [0x0000000080000000, 0x0000000100000000)
  region size 1024K, 78 young (79872K), 10 survivors (10240K)
 Metaspace       used 78619K, capacity 80403K, committed 80752K, reserved 1120256K
  class space    used 10282K, capacity 10956K, committed 11084K, reserved 1048576K
}
Event: 17.227 GC heap after
{Heap after GC invocations=19 (full 0):
 garbage-first heap   total 181248K, used 66326K [0x0000000080000000, 0x0000000100000000)
  region size 1024K, 9 young (9216K), 9 survivors (9216K)
 Metaspace       used 78619K, capacity 80403K, committed 80752K, reserved 1120256K
  class space    used 10282K, capacity 10956K, committed 11084K, reserved 1048576K
}

