# JRE version: OpenJDK Runtime Environment (11.0.12) (build 11.0.12+0-b1504.28-7817840)
# Java VM: OpenJDK 64-Bit Server VM (11.0.12+0-b1504.28-7817840, mixed mode, tiered, compressed oops, g1 gc, linux-amd64)
Heap:
 garbage-first heap   total 124928K, used 17548K [0x0000000080000000, 0x0000000100000000)
  region size 1024K, 8 young (8192K), 5 survivors (5120K)
 Metaspace       used 16597K, capacity 16993K, committed 17152K, reserved 1064960K
  class space    used 1908K, capacity 2024K, committed 2048K, reserved 1048576K
GC Heap History (6 events):
Event: 0.730 GC heap before
{Heap before GC invocations=0 (full 0):
 garbage-first heap   total 124928K, used 19456K [0x0000000080000000, 0x0000000100000000)
  region size 1024K, 14 young (14336K), 0 survivors (0K)
 Metaspace       used 6615K, capacity 6809K, committed 7168K, reserved 1056768K
  class space    used 571K, capacity 650K, committed 768K, reserved 1048576K
}
Event: 0.741 GC heap after
{Heap after GC invocations=1 (full 0):
 garbage-first heap   total 124928K, used 7810K [0x0000000080000000, 0x0000000100000000)
  region size 1024K, 2 young (2048K), 2 survivors (2048K)
 Metaspace       used 6615K, capacity 6809K, committed 7168K, reserved 1056768K
  class space    used 571K, capacity 650K, committed 768K, reserved 1048576K
}
Event: 1.595 GC heap before
{Heap before GC invocations=1 (full 0):
 garbage-first heap   total 124928K, used 38530K [0x0000000080000000, 0x0000000100000000)
  region size 1024K, 32 young (32768K), 2 survivors (2048K)
 Metaspace       used 10680K, capacity 10894K, committed 11264K, reserved 1058816K
  class space    used 1118K, capacity 1207K, committed 1280K, reserved 1048576K
}
Event: 1.603 GC heap after
{Heap after GC invocations=2 (full 0):
 garbage-first heap   total 124928K, used 10137K [0x0000000080000000, 0x0000000100000000)
  region size 1024K, 4 young (4096K), 4 survivors (4096K)
 Metaspace       used 10680K, capacity 10894K, committed 11264K, reserved 1058816K
  class space    used 1118K, capacity 1207K, committed 1280K, reserved 1048576K
}
Event: 7.797 GC heap before
{Heap before GC invocations=2 (full 0):
 garbage-first heap   total 124928K, used 43929K [0x0000000080000000, 0x0000000100000000)
  region size 1024K, 37 young (37888K), 4 survivors (4096K)
 Metaspace       used 16030K, capacity 16414K, committed 16640K, reserved 1064960K
  class space    used 1839K, capacity 1959K, committed 2048K, reserved 1048576K
}
Event: 7.815 GC heap after
{Heap after GC invocations=3 (full 0):
 garbage-first heap   total 124928K, used 15500K [0x0000000080000000, 0x0000000100000000)
  region size 1024K, 5 young (5120K), 5 survivors (5120K)
 Metaspace       used 16030K, capacity 16414K, committed 16640K, reserved 1064960K
  class space    used 1839K, capacity 1959K, committed 2048K, reserved 1048576K
}

